<?xml version="1.0" encoding="UTF-8"?>
<!-- Generated by org.testng.reporters.JUnitReportReporter -->
<testsuite hostname="DESKTOP-LUMPAHN" failures="0" tests="1" name="Tests.ListsWebE" time="0.483" errors="0" timestamp="2023-06-20T19:12:29 UYT" skipped="0">
  <testcase classname="Tests.ListsWebE" name="ListInputs" time="0.483"/>
</testsuite> <!-- Tests.ListsWebE -->
