<?xml version="1.0" encoding="UTF-8"?>
<!-- Generated by org.testng.reporters.JUnitReportReporter -->
<testsuite hostname="DESKTOP-LUMPAHN" failures="0" tests="1" name="Tests.TestReservation" time="10.430" errors="0" timestamp="2023-06-19T16:30:20 UYT" skipped="0">
  <testcase classname="Tests.TestReservation" name="TestReservation" time="10.430"/>
</testsuite> <!-- Tests.TestReservation -->
